<?xml version="1.0" encoding="UTF-8"?>
<!-- Generated by org.testng.reporters.JUnitReportReporter -->
<testsuite hostname="HSPLLPTP134" failures="0" tests="1" name="Admin_Masters_Test.PJP_Master_Page_Test" time="148.074" errors="0" timestamp="2025-09-09T17:07:58 IST" skipped="0">
  <testcase classname="Admin_Masters_Test.PJP_Master_Page_Test" name="PJP_Front_Page" time="148.074"/>
</testsuite> <!-- Admin_Masters_Test.PJP_Master_Page_Test -->
