<?xml version="1.0" encoding="UTF-8"?>
<!-- Generated by org.testng.reporters.JUnitReportReporter -->
<testsuite hostname="HSPLLPTP61" failures="0" tests="1" name="Admin_Masters_Test.Distributor_Master_Test" time="60.060" errors="0" timestamp="2025-09-09T14:26:05 IST" skipped="0">
  <testcase classname="Admin_Masters_Test.Distributor_Master_Test" name="Distributor_Add" time="60.060"/>
</testsuite> <!-- Admin_Masters_Test.Distributor_Master_Test -->
